{"name": "Проверка отображения созданного заказа в разделе \"В работе\" ", "status": "broken", "statusDetails": {"message": "selenium.common.exceptions.TimeoutException: Message: \nStacktrace:\nRemoteError@chrome://remote/content/shared/RemoteError.sys.mjs:8:8\nWebDriverError@chrome://remote/content/shared/webdriver/Errors.sys.mjs:193:5\nNoSuchElementError@chrome://remote/content/shared/webdriver/Errors.sys.mjs:511:5\ndom.find/</<@chrome://remote/content/shared/DOM.sys.mjs:136:16", "trace": "self = <test_feed_page.TestFeedPage object at 0x000001A812152C00>, driver = <selenium.webdriver.firefox.webdriver.WebDriver (session=\"0b86bc95-081d-4d9e-9f11-377c90d37740\")>\nregistration_new_user_and_delete = {'accessToken': 'Bearer eyJhbGciOiJIUzI1NiIsInR5cCI6IkpXVCJ9.eyJpZCI6IjY2ZjlhMjI2OWVkMjgwMDAxYjRjODhkOSIsImlhdCI6MTcyN...lO6LAOdJgc0h_u7xBj1b6lcQxnH6IMneiAaRhVAcUoE', 'email': 'cbrandt@yahoo.com', 'name': 'Kelly', 'password': 'azrplmxmby'}}\ncreate_order = {'order_number': 125371, 'user_email': 'cbrandt@yahoo.com', 'user_password': 'azrplmxmby'}\n\n    @allure.title('Проверка отображения созданного заказа в разделе \"В работе\" ')\n    def test_number_of_new_order_is_displaying_in_progress_section(self, driver, registration_new_user_and_delete,\n                                                                   create_order):\n        main_page = MainPage(driver)\n        feed_page = FeedPage(driver)\n        main_page.wait_visibility_title_of_page()\n        main_page.move_ingredient_to_burger()\n        main_page.click_on_make_order_button()\n        main_page.check_modal_confirmation_of_order_is_displaying()\n        number_of_new_order = main_page.get_number_of_order_in_confirm_modal()\n        main_page.click_on_close_button_in_confirmation_order_modal()\n        main_page.check_modal_confirmation_of_order_is_not_displaying()\n        main_page.click_on_order_list_button()\n>       assert feed_page.get_number_of_order_in_progress_section() == '0'+number_of_new_order\n\ntests\\test_feed_page.py:89: \n_ _ _ _ _ _ _ _ _ _ _ _ _ _ _ _ _ _ _ _ _ _ _ _ _ _ _ _ _ _ _ _ _ _ _ _ _ _ _ _ _ _ _ _ _ _ _ _ _ _ _ _ _ _ _ _ _ _ _ _ _ _ _ _ _ _ _ _ _ _ _ _ _ _ _ _ _ _ _ _ _ _ _ _ _ _ _ _ _ _ _ _\npage_objects\\feed_page.py:45: in get_number_of_order_in_progress_section\n    return self.get_text_from_element(OrdersFeedPageLocators.NUMBER_OF_ORDER_IN_PROGRESS_SECTION)\npage_objects\\base_page.py:46: in get_text_from_element\n    WebDriverWait(self.driver, timeout=15).until(EC.visibility_of_element_located(locator))\n_ _ _ _ _ _ _ _ _ _ _ _ _ _ _ _ _ _ _ _ _ _ _ _ _ _ _ _ _ _ _ _ _ _ _ _ _ _ _ _ _ _ _ _ _ _ _ _ _ _ _ _ _ _ _ _ _ _ _ _ _ _ _ _ _ _ _ _ _ _ _ _ _ _ _ _ _ _ _ _ _ _ _ _ _ _ _ _ _ _ _ _\n\nself = <selenium.webdriver.support.wait.WebDriverWait (session=\"0b86bc95-081d-4d9e-9f11-377c90d37740\")>\nmethod = <function visibility_of_element_located.<locals>._predicate at 0x000001A8121DE3E0>, message = ''\n\n    def until(self, method: Callable[[D], Union[Literal[False], T]], message: str = \"\") -> T:\n        \"\"\"Calls the method provided with the driver as an argument until the \\\n        return value does not evaluate to ``False``.\n    \n        :param method: callable(WebDriver)\n        :param message: optional message for :exc:`TimeoutException`\n        :returns: the result of the last call to `method`\n        :raises: :exc:`selenium.common.exceptions.TimeoutException` if timeout occurs\n        \"\"\"\n        screen = None\n        stacktrace = None\n    \n        end_time = time.monotonic() + self._timeout\n        while True:\n            try:\n                value = method(self._driver)\n                if value:\n                    return value\n            except self._ignored_exceptions as exc:\n                screen = getattr(exc, \"screen\", None)\n                stacktrace = getattr(exc, \"stacktrace\", None)\n            time.sleep(self._poll)\n            if time.monotonic() > end_time:\n                break\n>       raise TimeoutException(message, screen, stacktrace)\nE       selenium.common.exceptions.TimeoutException: Message: \nE       Stacktrace:\nE       RemoteError@chrome://remote/content/shared/RemoteError.sys.mjs:8:8\nE       WebDriverError@chrome://remote/content/shared/webdriver/Errors.sys.mjs:193:5\nE       NoSuchElementError@chrome://remote/content/shared/webdriver/Errors.sys.mjs:511:5\nE       dom.find/</<@chrome://remote/content/shared/DOM.sys.mjs:136:16\n\n.venv\\Lib\\site-packages\\selenium\\webdriver\\support\\wait.py:105: TimeoutException"}, "steps": [{"name": "Ожидание загрузки заголовка главной страницы", "status": "passed", "steps": [{"name": "Ожидание прогрузки элемента", "status": "passed", "parameters": [{"name": "locator", "value": "('xpath', '//h1')"}, {"name": "timeout", "value": "15"}], "start": 1727636009423, "stop": 1727636009435}], "start": 1727636009423, "stop": 1727636009435}, {"name": "Добавление ингредиента в бургер", "status": "passed", "steps": [{"name": "Проверка, что элемент кликабелен", "status": "passed", "parameters": [{"name": "locator", "value": "('xpath', './/*[@alt=\"Краторная булка N-200i\"]')"}, {"name": "timeout", "value": "15"}], "start": 1727636009435, "stop": 1727636009445}, {"name": "Проверка, что элемент кликабелен", "status": "passed", "parameters": [{"name": "locator", "value": "('xpath', '//ul[@class=\"BurgerConstructor_basket__list__l9dp_\"]')"}, {"name": "timeout", "value": "15"}], "start": 1727636009446, "stop": 1727636009457}], "start": 1727636009435, "stop": 1727636010006}, {"name": "Клик на кнопку создания заказа", "status": "passed", "steps": [{"name": "Проверка, что элемент кликабелен", "status": "passed", "parameters": [{"name": "locator", "value": "('xpath', '//button[text()=\"Оформить заказ\"]')"}, {"name": "timeout", "value": "15"}], "start": 1727636010006, "stop": 1727636010026}, {"name": "Клик на элемент", "status": "passed", "steps": [{"name": "Проверка, что элемент кликабелен", "status": "passed", "parameters": [{"name": "locator", "value": "('xpath', '//button[text()=\"Оформить заказ\"]')"}, {"name": "timeout", "value": "15"}], "start": 1727636010027, "stop": 1727636010045}], "parameters": [{"name": "locator", "value": "('xpath', '//button[text()=\"Оформить заказ\"]')"}], "start": 1727636010027, "stop": 1727636010311}], "start": 1727636010006, "stop": 1727636010311}, {"name": "Проверка отображения модального окна подтверждения заказа", "status": "passed", "steps": [{"name": "Ожидание прогрузки элемента", "status": "passed", "parameters": [{"name": "locator", "value": "('xpath', '//div[contains(@class, \"Modal_modal__container\")]')"}, {"name": "timeout", "value": "15"}], "start": 1727636010311, "stop": 1727636010842}, {"name": "Проверка отображения элемента", "status": "passed", "parameters": [{"name": "locator", "value": "('xpath', '//div[contains(@class, \"Modal_modal__container\")]')"}], "start": 1727636010842, "stop": 1727636010856}], "start": 1727636010311, "stop": 1727636010856}, {"name": "Получение номера заказа в окне подтверждения заказа", "status": "passed", "steps": [{"name": "Ожидание смены текста элемента", "status": "broken", "statusDetails": {"message": "selenium.common.exceptions.TimeoutException: Message: \n\n", "trace": "  File \"C:\\Diplom\\Diplom_3\\.venv\\Lib\\site-packages\\allure_commons\\_allure.py\", line 192, in impl\n    return func(*a, **kw)\n           ^^^^^^^^^^^^^^\n  File \"C:\\Diplom\\Diplom_3\\page_objects\\base_page.py\", line 42, in waiting_for_element_text_is_change\n    WebDriverWait(self.driver, timeout).until_not(EC.text_to_be_present_in_element(locator, value))\n  File \"C:\\Diplom\\Diplom_3\\.venv\\Lib\\site-packages\\selenium\\webdriver\\support\\wait.py\", line 128, in until_not\n    raise TimeoutException(message)\n"}, "parameters": [{"name": "locator", "value": "('xpath', '//h2[contains(@class, \"Modal_modal__title_shadow__3ikwq\")]')"}, {"name": "value", "value": "'9999'"}, {"name": "timeout", "value": "15"}], "start": 1727636010856, "stop": 1727636026196}], "start": 1727636010856, "stop": 1727636026200}, {"name": "Клик на кнопку закрытия окна подтверждения заказа", "status": "passed", "steps": [{"name": "Ожидание кликабельности элемента", "status": "passed", "parameters": [{"name": "locator", "value": "('xpath', '//section[contains(@class, \"Modal_modal_opened\")]//button[contains(@class, \"close\")]')"}, {"name": "timeout", "value": "10"}], "start": 1727636026200, "stop": 1727636026213}], "start": 1727636026200, "stop": 1727636026431}, {"name": "Проверка, что окно подтверждения заказа не отображается", "status": "passed", "steps": [{"name": "Ожидание закрытия элемента", "status": "passed", "parameters": [{"name": "locator", "value": "('xpath', '//div[contains(@class, \"Modal_modal__container\")]')"}, {"name": "timeout", "value": "15"}], "start": 1727636026431, "stop": 1727636026443}, {"name": "Проверка отображения элемента", "status": "passed", "parameters": [{"name": "locator", "value": "('xpath', '//div[contains(@class, \"Modal_modal__container\")]')"}], "start": 1727636026444, "stop": 1727636026454}], "start": 1727636026431, "stop": 1727636026454}, {"name": "Клик на кнопку \"Лента заказов\"", "status": "passed", "steps": [{"name": "Ожидание прогрузки элемента", "status": "passed", "parameters": [{"name": "locator", "value": "('xpath', '//p[contains(text(),\"Лента Заказов\")]')"}, {"name": "timeout", "value": "15"}], "start": 1727636026454, "stop": 1727636026463}, {"name": "Клик на элемент", "status": "passed", "steps": [{"name": "Проверка, что элемент кликабелен", "status": "passed", "parameters": [{"name": "locator", "value": "('xpath', '//p[contains(text(),\"Лента Заказов\")]')"}, {"name": "timeout", "value": "15"}], "start": 1727636026464, "stop": 1727636026479}], "parameters": [{"name": "locator", "value": "('xpath', '//p[contains(text(),\"Лента Заказов\")]')"}], "start": 1727636026464, "stop": 1727636026773}], "start": 1727636026454, "stop": 1727636026773}, {"name": "Получение последнего заказа, который взяли в работу", "status": "broken", "statusDetails": {"message": "selenium.common.exceptions.TimeoutException: Message: \nStacktrace:\nRemoteError@chrome://remote/content/shared/RemoteError.sys.mjs:8:8\nWebDriverError@chrome://remote/content/shared/webdriver/Errors.sys.mjs:193:5\nNoSuchElementError@chrome://remote/content/shared/webdriver/Errors.sys.mjs:511:5\ndom.find/</<@chrome://remote/content/shared/DOM.sys.mjs:136:16\n\n", "trace": "  File \"C:\\Diplom\\Diplom_3\\.venv\\Lib\\site-packages\\allure_commons\\_allure.py\", line 192, in impl\n    return func(*a, **kw)\n           ^^^^^^^^^^^^^^\n  File \"C:\\Diplom\\Diplom_3\\page_objects\\feed_page.py\", line 45, in get_number_of_order_in_progress_section\n    return self.get_text_from_element(OrdersFeedPageLocators.NUMBER_OF_ORDER_IN_PROGRESS_SECTION)\n           ^^^^^^^^^^^^^^^^^^^^^^^^^^^^^^^^^^^^^^^^^^^^^^^^^^^^^^^^^^^^^^^^^^^^^^^^^^^^^^^^^^^^^^\n  File \"C:\\Diplom\\Diplom_3\\.venv\\Lib\\site-packages\\allure_commons\\_allure.py\", line 192, in impl\n    return func(*a, **kw)\n           ^^^^^^^^^^^^^^\n  File \"C:\\Diplom\\Diplom_3\\page_objects\\base_page.py\", line 46, in get_text_from_element\n    WebDriverWait(self.driver, timeout=15).until(EC.visibility_of_element_located(locator))\n  File \"C:\\Diplom\\Diplom_3\\.venv\\Lib\\site-packages\\selenium\\webdriver\\support\\wait.py\", line 105, in until\n    raise TimeoutException(message, screen, stacktrace)\n"}, "steps": [{"name": "Получение текста на элементе", "status": "broken", "statusDetails": {"message": "selenium.common.exceptions.TimeoutException: Message: \nStacktrace:\nRemoteError@chrome://remote/content/shared/RemoteError.sys.mjs:8:8\nWebDriverError@chrome://remote/content/shared/webdriver/Errors.sys.mjs:193:5\nNoSuchElementError@chrome://remote/content/shared/webdriver/Errors.sys.mjs:511:5\ndom.find/</<@chrome://remote/content/shared/DOM.sys.mjs:136:16\n\n", "trace": "  File \"C:\\Diplom\\Diplom_3\\.venv\\Lib\\site-packages\\allure_commons\\_allure.py\", line 192, in impl\n    return func(*a, **kw)\n           ^^^^^^^^^^^^^^\n  File \"C:\\Diplom\\Diplom_3\\page_objects\\base_page.py\", line 46, in get_text_from_element\n    WebDriverWait(self.driver, timeout=15).until(EC.visibility_of_element_located(locator))\n  File \"C:\\Diplom\\Diplom_3\\.venv\\Lib\\site-packages\\selenium\\webdriver\\support\\wait.py\", line 105, in until\n    raise TimeoutException(message, screen, stacktrace)\n"}, "parameters": [{"name": "locator", "value": "('xpath', '//ul[contains(@class, \"OrderFeed_orderListReady\")]/li[contains(@class, \"text_type_digits-default\")]')"}], "start": 1727636026773, "stop": 1727636047789}], "start": 1727636026773, "stop": 1727636047789}], "attachments": [{"name": "stdout", "source": "bc637ce7-e491-4fa0-a7b8-b3bcdb1267ac-attachment.txt", "type": "text/plain"}], "parameters": [{"name": "driver", "value": "'firefox'"}], "start": 1727636009423, "stop": 1727636047791, "uuid": "a0ef7d5e-d98f-4792-aa5c-5b644d15da43", "historyId": "83f9b96010284863e7d24fe213d323af", "testCaseId": "d94466f9682443bc66cee606214b628d", "fullName": "tests.test_feed_page.TestFeedPage#test_number_of_new_order_is_displaying_in_progress_section", "labels": [{"name": "suite", "value": "Тестирование раздела \"Лента заказов\""}, {"name": "parentSuite", "value": "tests"}, {"name": "subSuite", "value": "TestFeedPage"}, {"name": "host", "value": "User-PC"}, {"name": "thread", "value": "47812-MainThread"}, {"name": "framework", "value": "pytest"}, {"name": "language", "value": "cpython3"}, {"name": "package", "value": "tests.test_feed_page"}]}